\BOOKMARK [0][-]{Doc-Start}{Foreword}{}% 1
\BOOKMARK [1][-]{section*.1}{Bonafide Certificate}{Doc-Start}% 2
\BOOKMARK [1][-]{section*.1}{Abstract}{Doc-Start}% 3
\BOOKMARK [1][-]{section*.1}{Acknowledgment}{Doc-Start}% 4
\BOOKMARK [1][-]{chapter*.2}{Table of Contents}{Doc-Start}% 5
\BOOKMARK [1][-]{chapter*.3}{List of Figures}{Doc-Start}% 6
\BOOKMARK [0][-]{chapter.1}{Introduction}{}% 7
\BOOKMARK [0][-]{chapter.2}{Project Work}{}% 8
\BOOKMARK [1][-]{section.2.1}{The Concept}{chapter.2}% 9
\BOOKMARK [1][-]{section.2.2}{Problem Statement}{chapter.2}% 10
\BOOKMARK [1][-]{section.2.3}{Proposed Solution}{chapter.2}% 11
\BOOKMARK [1][-]{section.2.4}{Obstacles}{chapter.2}% 12
\BOOKMARK [2][-]{subsection.2.4.1}{Relation Extraction}{section.2.4}% 13
\BOOKMARK [2][-]{subsection.2.4.2}{Anaphora Resolution}{section.2.4}% 14
\BOOKMARK [2][-]{subsection.2.4.3}{Metadata Repository}{section.2.4}% 15
\BOOKMARK [1][-]{section.2.5}{Advantages}{chapter.2}% 16
\BOOKMARK [1][-]{section.2.6}{Future Scope}{chapter.2}% 17
\BOOKMARK [1][-]{section.2.7}{Available tools}{chapter.2}% 18
\BOOKMARK [2][-]{subsection.2.7.1}{News API}{section.2.7}% 19
\BOOKMARK [1][-]{section.2.8}{Tools Studied and Used}{chapter.2}% 20
\BOOKMARK [2][-]{subsection.2.8.1}{Python 3}{section.2.8}% 21
\BOOKMARK [2][-]{subsection.2.8.2}{nltk}{section.2.8}% 22
\BOOKMARK [2][-]{subsection.2.8.3}{Stanford CoreNLP}{section.2.8}% 23
\BOOKMARK [2][-]{subsection.2.8.4}{RSS}{section.2.8}% 24
\BOOKMARK [2][-]{subsection.2.8.5}{JSON}{section.2.8}% 25
\BOOKMARK [2][-]{subsection.2.8.6}{MongoDB}{section.2.8}% 26
\BOOKMARK [1][-]{section.2.9}{Theories}{chapter.2}% 27
\BOOKMARK [0][-]{chapter.3}{Conclusion}{}% 28
